  testcpp.cpp
D:\My coding repositary\finAPI\CCSTDCPP_Vector\CCSTDCPP_Vector\testcpp.cpp(239,20): warning C4018: “<”: 有符号/无符号不匹配
D:\My coding repositary\finAPI\CCSTDCPP_Vector\CCSTDCPP_Vector\testcpp.cpp(245,20): warning C4018: “<”: 有符号/无符号不匹配
D:\My coding repositary\finAPI\CCSTDCPP_Vector\CCSTDCPP_Vector\CCSTDCPP_Vector.hpp(629,29): warning C4244: “=”: 从“__int64”转换到“CCSTDCPP::Index”，可能丢失数据
D:\My coding repositary\finAPI\CCSTDCPP_Vector\CCSTDCPP_Vector\CCSTDCPP_Vector.hpp(610,1): message : 在编译 类 模板 成员函数“void CCSTDCPP::Vector<testType>::push_back(const data *,const data *)”时
          with
          [
              data=testType
          ]
D:\My coding repositary\finAPI\CCSTDCPP_Vector\CCSTDCPP_Vector\testcpp.cpp(85,13): message : 请参阅 "main" 中对 "CCSTDCPP::Vector<testType>::push_back" 的第一个引用
D:\My coding repositary\finAPI\CCSTDCPP_Vector\CCSTDCPP_Vector\testcpp.cpp(28,19): message : 查看对正在编译的 类 模板 实例化“CCSTDCPP::Vector<testType>”的引用
D:\My coding repositary\finAPI\CCSTDCPP_Vector\CCSTDCPP_Vector\CCSTDCPP_Vector.hpp(646,41): warning C4018: “<”: 有符号/无符号不匹配
D:\My coding repositary\finAPI\CCSTDCPP_Vector\CCSTDCPP_Vector\CCSTDCPP_Vector.hpp(652,41): warning C4018: “<”: 有符号/无符号不匹配
D:\My coding repositary\finAPI\CCSTDCPP_Vector\CCSTDCPP_Vector\CCSTDCPP_Vector.hpp(601,40): warning C4018: “<”: 有符号/无符号不匹配
D:\My coding repositary\finAPI\CCSTDCPP_Vector\CCSTDCPP_Vector\CCSTDCPP_Vector.hpp(594,1): message : 在编译 类 模板 成员函数“void CCSTDCPP::Vector<testType>::push_back(const CCSTDCPP::Vector<testType> &)”时
D:\My coding repositary\finAPI\CCSTDCPP_Vector\CCSTDCPP_Vector\testcpp.cpp(64,13): message : 请参阅 "main" 中对 "CCSTDCPP::Vector<testType>::push_back" 的第一个引用
D:\My coding repositary\finAPI\CCSTDCPP_Vector\CCSTDCPP_Vector\CCSTDCPP_Vector.hpp(745,14): warning C4244: “初始化”: 从“__int64”转换到“CCSTDCPP::Index”，可能丢失数据
D:\My coding repositary\finAPI\CCSTDCPP_Vector\CCSTDCPP_Vector\CCSTDCPP_Vector.hpp(721,1): message : 在编译 类 模板 成员函数“void CCSTDCPP::Vector<testType>::insert(CCSTDCPP::VectorIterator<data> &,const data &)”时
          with
          [
              data=testType
          ]
D:\My coding repositary\finAPI\CCSTDCPP_Vector\CCSTDCPP_Vector\testcpp.cpp(150,10): message : 请参阅 "main" 中对 "CCSTDCPP::Vector<testType>::insert" 的第一个引用
D:\My coding repositary\finAPI\CCSTDCPP_Vector\CCSTDCPP_Vector\CCSTDCPP_Vector.hpp(747,37): warning C4018: “>”: 有符号/无符号不匹配
D:\My coding repositary\finAPI\CCSTDCPP_Vector\CCSTDCPP_Vector\CCSTDCPP_Vector.hpp(829,20): warning C4244: “初始化”: 从“__int64”转换到“CCSTDCPP::Size”，可能丢失数据
D:\My coding repositary\finAPI\CCSTDCPP_Vector\CCSTDCPP_Vector\CCSTDCPP_Vector.hpp(797,1): message : 在编译 类 模板 成员函数“void CCSTDCPP::Vector<testType>::insert(CCSTDCPP::Index,const data *,const data *)”时
          with
          [
              data=testType
          ]
D:\My coding repositary\finAPI\CCSTDCPP_Vector\CCSTDCPP_Vector\testcpp.cpp(145,10): message : 请参阅 "main" 中对 "CCSTDCPP::Vector<testType>::insert" 的第一个引用
D:\My coding repositary\finAPI\CCSTDCPP_Vector\CCSTDCPP_Vector\CCSTDCPP_Vector.hpp(849,33): warning C4244: “+=”: 从“__int64”转换到“CCSTDCPP::Size”，可能丢失数据
D:\My coding repositary\finAPI\CCSTDCPP_Vector\CCSTDCPP_Vector\CCSTDCPP_Vector.hpp(712,37): warning C4018: “>”: 有符号/无符号不匹配
D:\My coding repositary\finAPI\CCSTDCPP_Vector\CCSTDCPP_Vector\CCSTDCPP_Vector.hpp(703,1): message : 在编译 类 模板 成员函数“void CCSTDCPP::Vector<testType>::insert(const CCSTDCPP::Index,const data &)”时
          with
          [
              data=testType
          ]
D:\My coding repositary\finAPI\CCSTDCPP_Vector\CCSTDCPP_Vector\testcpp.cpp(137,10): message : 请参阅 "main" 中对 "CCSTDCPP::Vector<testType>::insert" 的第一个引用
D:\My coding repositary\finAPI\CCSTDCPP_Vector\CCSTDCPP_Vector\CCSTDCPP_Vector.hpp(1118,15): warning C4244: “初始化”: 从“__int64”转换到“CCSTDCPP::Index”，可能丢失数据
D:\My coding repositary\finAPI\CCSTDCPP_Vector\CCSTDCPP_Vector\CCSTDCPP_Vector.hpp(1076,1): message : 在编译 类 模板 成员函数“data *CCSTDCPP::Vector<data>::erase_back(const data *,const data *)”时
          with
          [
              data=testType
          ]
D:\My coding repositary\finAPI\CCSTDCPP_Vector\CCSTDCPP_Vector\testcpp.cpp(198,17): message : 请参阅 "main" 中对 "CCSTDCPP::Vector<testType>::erase_back" 的第一个引用
D:\My coding repositary\finAPI\CCSTDCPP_Vector\CCSTDCPP_Vector\CCSTDCPP_Vector.hpp(1119,15): warning C4244: “初始化”: 从“__int64”转换到“CCSTDCPP::Index”，可能丢失数据
D:\My coding repositary\finAPI\CCSTDCPP_Vector\CCSTDCPP_Vector\CCSTDCPP_Vector.hpp(1123,20): warning C4018: “<”: 有符号/无符号不匹配
D:\My coding repositary\finAPI\CCSTDCPP_Vector\CCSTDCPP_Vector\CCSTDCPP_Vector.hpp(1127,29): warning C4018: “<”: 有符号/无符号不匹配
D:\My coding repositary\finAPI\CCSTDCPP_Vector\CCSTDCPP_Vector\CCSTDCPP_Vector.hpp(1053,20): warning C4018: “<”: 有符号/无符号不匹配
D:\My coding repositary\finAPI\CCSTDCPP_Vector\CCSTDCPP_Vector\CCSTDCPP_Vector.hpp(1033,1): message : 在编译 类 模板 成员函数“data *CCSTDCPP::Vector<data>::erase_back(const CCSTDCPP::Index,const CCSTDCPP::Index)”时
          with
          [
              data=testType
          ]
D:\My coding repositary\finAPI\CCSTDCPP_Vector\CCSTDCPP_Vector\testcpp.cpp(185,27): message : 请参阅 "main" 中对 "CCSTDCPP::Vector<testType>::erase_back" 的第一个引用
D:\My coding repositary\finAPI\CCSTDCPP_Vector\CCSTDCPP_Vector\CCSTDCPP_Vector.hpp(1059,26): warning C4018: “<”: 有符号/无符号不匹配
D:\My coding repositary\finAPI\CCSTDCPP_Vector\CCSTDCPP_Vector\CCSTDCPP_Vector.hpp(1015,24): warning C4018: “<”: 有符号/无符号不匹配
D:\My coding repositary\finAPI\CCSTDCPP_Vector\CCSTDCPP_Vector\CCSTDCPP_Vector.hpp(1010,1): message : 在编译 类 模板 成员函数“data *CCSTDCPP::Vector<data>::erase_back(const CCSTDCPP::Index)”时
          with
          [
              data=testType
          ]
D:\My coding repositary\finAPI\CCSTDCPP_Vector\CCSTDCPP_Vector\testcpp.cpp(183,32): message : 请参阅 "main" 中对 "CCSTDCPP::Vector<testType>::erase_back" 的第一个引用
D:\My coding repositary\finAPI\CCSTDCPP_Vector\CCSTDCPP_Vector\CCSTDCPP_Vector.hpp(960,15): warning C4244: “初始化”: 从“__int64”转换到“CCSTDCPP::Index”，可能丢失数据
D:\My coding repositary\finAPI\CCSTDCPP_Vector\CCSTDCPP_Vector\CCSTDCPP_Vector.hpp(918,1): message : 在编译 类 模板 成员函数“void CCSTDCPP::Vector<testType>::erase(const data *,const data *)”时
          with
          [
              data=testType
          ]
D:\My coding repositary\finAPI\CCSTDCPP_Vector\CCSTDCPP_Vector\testcpp.cpp(165,9): message : 请参阅 "main" 中对 "CCSTDCPP::Vector<testType>::erase" 的第一个引用
D:\My coding repositary\finAPI\CCSTDCPP_Vector\CCSTDCPP_Vector\CCSTDCPP_Vector.hpp(961,15): warning C4244: “初始化”: 从“__int64”转换到“CCSTDCPP::Index”，可能丢失数据
D:\My coding repositary\finAPI\CCSTDCPP_Vector\CCSTDCPP_Vector\CCSTDCPP_Vector.hpp(963,29): warning C4018: “<”: 有符号/无符号不匹配
D:\My coding repositary\finAPI\CCSTDCPP_Vector\CCSTDCPP_Vector\CCSTDCPP_Vector.hpp(903,26): warning C4018: “<”: 有符号/无符号不匹配
D:\My coding repositary\finAPI\CCSTDCPP_Vector\CCSTDCPP_Vector\CCSTDCPP_Vector.hpp(885,1): message : 在编译 类 模板 成员函数“void CCSTDCPP::Vector<testType>::erase(const CCSTDCPP::Index,const CCSTDCPP::Index)”时
D:\My coding repositary\finAPI\CCSTDCPP_Vector\CCSTDCPP_Vector\testcpp.cpp(159,9): message : 请参阅 "main" 中对 "CCSTDCPP::Vector<testType>::erase" 的第一个引用
D:\My coding repositary\finAPI\CCSTDCPP_Vector\CCSTDCPP_Vector\CCSTDCPP_Vector.hpp(869,24): warning C4018: “<”: 有符号/无符号不匹配
D:\My coding repositary\finAPI\CCSTDCPP_Vector\CCSTDCPP_Vector\CCSTDCPP_Vector.hpp(866,1): message : 在编译 类 模板 成员函数“void CCSTDCPP::Vector<testType>::erase(const CCSTDCPP::Index)”时
D:\My coding repositary\finAPI\CCSTDCPP_Vector\CCSTDCPP_Vector\testcpp.cpp(154,9): message : 请参阅 "main" 中对 "CCSTDCPP::Vector<testType>::erase" 的第一个引用
D:\My coding repositary\finAPI\CCSTDCPP_Vector\CCSTDCPP_Vector\CCSTDCPP_Vector.hpp(499,22): warning C4018: “<”: 有符号/无符号不匹配
D:\My coding repositary\finAPI\CCSTDCPP_Vector\CCSTDCPP_Vector\CCSTDCPP_Vector.hpp(487,1): message : 在编译 类 模板 成员函数“data *CCSTDCPP::Vector<data>::rawDataStaticArray(CCSTDCPP::CopySelection) const”时
          with
          [
              data=testType
          ]
D:\My coding repositary\finAPI\CCSTDCPP_Vector\CCSTDCPP_Vector\testcpp.cpp(237,25): message : 请参阅 "main" 中对 "CCSTDCPP::Vector<testType>::rawDataStaticArray" 的第一个引用
D:\My coding repositary\finAPI\CCSTDCPP_Vector\CCSTDCPP_Vector\CCSTDCPP_Vector.hpp(1187,20): warning C4018: “<”: 有符号/无符号不匹配
D:\My coding repositary\finAPI\CCSTDCPP_Vector\CCSTDCPP_Vector\CCSTDCPP_Vector.hpp(1182,1): message : 在编译 类 模板 成员函数“bool CCSTDCPP::Vector<testType>::operator ==(const CCSTDCPP::Vector<testType> &)”时
D:\My coding repositary\finAPI\CCSTDCPP_Vector\CCSTDCPP_Vector\testcpp.cpp(215,2): message : 请参阅 "main" 中对 "CCSTDCPP::Vector<testType>::operator ==" 的第一个引用
D:\My coding repositary\finAPI\CCSTDCPP_Vector\CCSTDCPP_Vector\CCSTDCPP_Vector.hpp(1205,20): warning C4018: “<”: 有符号/无符号不匹配
D:\My coding repositary\finAPI\CCSTDCPP_Vector\CCSTDCPP_Vector\CCSTDCPP_Vector.hpp(1200,1): message : 在编译 类 模板 成员函数“bool CCSTDCPP::Vector<testType>::operator !=(const CCSTDCPP::Vector<testType> &)”时
D:\My coding repositary\finAPI\CCSTDCPP_Vector\CCSTDCPP_Vector\testcpp.cpp(224,2): message : 请参阅 "main" 中对 "CCSTDCPP::Vector<testType>::operator !=" 的第一个引用
D:\My coding repositary\finAPI\CCSTDCPP_Vector\CCSTDCPP_Vector\CCSTDCPP_Vector.hpp(543,20): warning C4018: “<”: 有符号/无符号不匹配
D:\My coding repositary\finAPI\CCSTDCPP_Vector\CCSTDCPP_Vector\CCSTDCPP_Vector.hpp(541,1): message : 在编译 类 模板 成员函数“void CCSTDCPP::Vector<testType>::resize(const CCSTDCPP::Size)”时
D:\My coding repositary\finAPI\CCSTDCPP_Vector\CCSTDCPP_Vector\CCSTDCPP_Vector.hpp(641,9): message : 请参阅 "CCSTDCPP::Vector<testType>::push_back" 中对 "CCSTDCPP::Vector<testType>::resize" 的第一个引用
D:\My coding repositary\finAPI\CCSTDCPP_Vector\CCSTDCPP_Vector\testcpp.cpp(85,13): message : 请参阅 "main" 中对 "CCSTDCPP::Vector<testType>::push_back" 的第一个引用
D:\My coding repositary\finAPI\CCSTDCPP_Vector\CCSTDCPP_Vector\CCSTDCPP_Vector.hpp(460,1): message : 在编译 类 模板 成员函数“CCSTDCPP::Vector<testType>::Vector(const CCSTDCPP::Vector<testType> &&)”时
D:\My coding repositary\finAPI\CCSTDCPP_Vector\CCSTDCPP_Vector\testcpp.cpp(42,19): message : 请参阅 "main" 中对 "CCSTDCPP::Vector<testType>::Vector" 的第一个引用
D:\My coding repositary\finAPI\CCSTDCPP_Vector\CCSTDCPP_Vector\CCSTDCPP_Vector.hpp(389,24): warning C4244: “return”: 从“double”转换到“CCSTDCPP::Size”，可能丢失数据
D:\My coding repositary\finAPI\CCSTDCPP_Vector\CCSTDCPP_Vector\CCSTDCPP_Vector.hpp(383,1): message : 在编译 类 模板 成员函数“CCSTDCPP::Size CCSTDCPP::Vector<testType>::getSuitableSize(CCSTDCPP::Size) const”时
D:\My coding repositary\finAPI\CCSTDCPP_Vector\CCSTDCPP_Vector\CCSTDCPP_Vector.hpp(641,9): message : 请参阅 "CCSTDCPP::Vector<testType>::push_back" 中对 "CCSTDCPP::Vector<testType>::getSuitableSize" 的第一个引用
D:\My coding repositary\finAPI\CCSTDCPP_Vector\CCSTDCPP_Vector\testcpp.cpp(85,13): message : 请参阅 "main" 中对 "CCSTDCPP::Vector<testType>::push_back" 的第一个引用
D:\My coding repositary\finAPI\CCSTDCPP_Vector\CCSTDCPP_Vector\staticArray.hpp(83,33): warning C4101: “overFlow”: 未引用的局部变量
D:\My coding repositary\finAPI\CCSTDCPP_Vector\CCSTDCPP_Vector\staticArray.hpp(72,1): message : 在编译 类 模板 成员函数“bool CCSTDCPP::BytesArray<data>::checkIndexValidness(CCSTDCPP::Index) const”时
          with
          [
              data=testType
          ]
D:\My coding repositary\finAPI\CCSTDCPP_Vector\CCSTDCPP_Vector\staticArray.hpp(117,21): message : 请参阅 "CCSTDCPP::BytesArray<data>::operator []" 中对 "CCSTDCPP::BytesArray<data>::checkIndexValidness" 的第一个引用
          with
          [
              data=testType
          ]
D:\My coding repositary\finAPI\CCSTDCPP_Vector\CCSTDCPP_Vector\testcpp.cpp(247,30): message : 请参阅 "main" 中对 "CCSTDCPP::BytesArray<data>::operator []" 的第一个引用
          with
          [
              data=testType
          ]
D:\My coding repositary\finAPI\CCSTDCPP_Vector\CCSTDCPP_Vector\CCSTDCPP_Vector.hpp(1223,1): message : 在编译 类 模板 成员函数“CCSTDCPP::BytesArray<data> CCSTDCPP::Vector<data>::wrappeddata(void)”时
          with
          [
              data=testType
          ]
D:\My coding repositary\finAPI\CCSTDCPP_Vector\CCSTDCPP_Vector\testcpp.cpp(244,23): message : 请参阅 "main" 中对 "CCSTDCPP::Vector<testType>::wrappeddata" 的第一个引用
D:\My coding repositary\finAPI\CCSTDCPP_Vector\CCSTDCPP_Vector\staticArray.hpp(87,34): warning C4101: “underflow”: 未引用的局部变量
D:\My coding repositary\finAPI\CCSTDCPP_Vector\CCSTDCPP_Vector\CCSTDCPP_Vector.hpp(392): warning C4715: “CCSTDCPP::Vector<int>::getSuitableSize”: 不是所有的控件路径都返回值
  CCSTDCPP_Vector.vcxproj -> D:\My coding repositary\finAPI\CCSTDCPP_Vector\x64\Debug\CCSTDCPP_Vector.exe
